<?xml version="1.0" encoding="UTF-8"?>
<testsuite name="com.minpaeng.springboot.web.PostsApiControllerTest" tests="1" skipped="0" failures="0" errors="0" timestamp="2021-08-16T16:27:16" hostname="LAPTOP-1N1VG7IG" time="0.708">
  <properties/>
  <testcase name="Posts_등록된다()" classname="com.minpaeng.springboot.web.PostsApiControllerTest" time="0.708"/>
  <system-out><![CDATA[01:27:11.556 [Test worker] DEBUG org.springframework.test.context.BootstrapUtils - Instantiating CacheAwareContextLoaderDelegate from class [org.springframework.test.context.cache.DefaultCacheAwareContextLoaderDelegate]
01:27:11.567 [Test worker] DEBUG org.springframework.test.context.BootstrapUtils - Instantiating BootstrapContext using constructor [public org.springframework.test.context.support.DefaultBootstrapContext(java.lang.Class,org.springframework.test.context.CacheAwareContextLoaderDelegate)]
01:27:11.596 [Test worker] DEBUG org.springframework.test.context.BootstrapUtils - Instantiating TestContextBootstrapper for test class [com.minpaeng.springboot.web.PostsApiControllerTest] from class [org.springframework.boot.test.context.SpringBootTestContextBootstrapper]
01:27:11.608 [Test worker] INFO org.springframework.boot.test.context.SpringBootTestContextBootstrapper - Neither @ContextConfiguration nor @ContextHierarchy found for test class [com.minpaeng.springboot.web.PostsApiControllerTest], using SpringBootContextLoader
01:27:11.612 [Test worker] DEBUG org.springframework.test.context.support.AbstractContextLoader - Did not detect default resource location for test class [com.minpaeng.springboot.web.PostsApiControllerTest]: class path resource [com/minpaeng/springboot/web/PostsApiControllerTest-context.xml] does not exist
01:27:11.612 [Test worker] DEBUG org.springframework.test.context.support.AbstractContextLoader - Did not detect default resource location for test class [com.minpaeng.springboot.web.PostsApiControllerTest]: class path resource [com/minpaeng/springboot/web/PostsApiControllerTestContext.groovy] does not exist
01:27:11.612 [Test worker] INFO org.springframework.test.context.support.AbstractContextLoader - Could not detect default resource locations for test class [com.minpaeng.springboot.web.PostsApiControllerTest]: no resource found for suffixes {-context.xml, Context.groovy}.
01:27:11.613 [Test worker] INFO org.springframework.test.context.support.AnnotationConfigContextLoaderUtils - Could not detect default configuration classes for test class [com.minpaeng.springboot.web.PostsApiControllerTest]: PostsApiControllerTest does not declare any static, non-private, non-final, nested classes annotated with @Configuration.
01:27:11.652 [Test worker] DEBUG org.springframework.test.context.support.ActiveProfilesUtils - Could not find an 'annotation declaring class' for annotation type [org.springframework.test.context.ActiveProfiles] and class [com.minpaeng.springboot.web.PostsApiControllerTest]
01:27:11.746 [Test worker] DEBUG org.springframework.context.annotation.ClassPathScanningCandidateComponentProvider - Identified candidate component class: file [D:\IdeaProjects\demo\springboot-practice\build\classes\java\main\com\minpaeng\springboot\Application.class]
01:27:11.747 [Test worker] INFO org.springframework.boot.test.context.SpringBootTestContextBootstrapper - Found @SpringBootConfiguration com.minpaeng.springboot.Application for test class com.minpaeng.springboot.web.PostsApiControllerTest
01:27:11.831 [Test worker] DEBUG org.springframework.boot.test.context.SpringBootTestContextBootstrapper - @TestExecutionListeners is not present for class [com.minpaeng.springboot.web.PostsApiControllerTest]: using defaults.
01:27:11.832 [Test worker] INFO org.springframework.boot.test.context.SpringBootTestContextBootstrapper - Loaded default TestExecutionListener class names from location [META-INF/spring.factories]: [org.springframework.boot.test.autoconfigure.restdocs.RestDocsTestExecutionListener, org.springframework.boot.test.autoconfigure.web.client.MockRestServiceServerResetTestExecutionListener, org.springframework.boot.test.autoconfigure.web.servlet.MockMvcPrintOnlyOnFailureTestExecutionListener, org.springframework.boot.test.autoconfigure.web.servlet.WebDriverTestExecutionListener, org.springframework.boot.test.autoconfigure.webservices.client.MockWebServiceServerTestExecutionListener, org.springframework.boot.test.mock.mockito.MockitoTestExecutionListener, org.springframework.boot.test.mock.mockito.ResetMocksTestExecutionListener, org.springframework.test.context.web.ServletTestExecutionListener, org.springframework.test.context.support.DirtiesContextBeforeModesTestExecutionListener, org.springframework.test.context.support.DependencyInjectionTestExecutionListener, org.springframework.test.context.support.DirtiesContextTestExecutionListener, org.springframework.test.context.transaction.TransactionalTestExecutionListener, org.springframework.test.context.jdbc.SqlScriptsTestExecutionListener, org.springframework.test.context.event.EventPublishingTestExecutionListener]
01:27:11.849 [Test worker] INFO org.springframework.boot.test.context.SpringBootTestContextBootstrapper - Using TestExecutionListeners: [org.springframework.test.context.web.ServletTestExecutionListener@24bc6302, org.springframework.test.context.support.DirtiesContextBeforeModesTestExecutionListener@669bd1f6, org.springframework.boot.test.mock.mockito.MockitoTestExecutionListener@406a86b2, org.springframework.boot.test.autoconfigure.SpringBootDependencyInjectionTestExecutionListener@371438c3, org.springframework.test.context.support.DirtiesContextTestExecutionListener@70f7e950, org.springframework.test.context.transaction.TransactionalTestExecutionListener@48db92d9, org.springframework.test.context.jdbc.SqlScriptsTestExecutionListener@5c90d266, org.springframework.test.context.event.EventPublishingTestExecutionListener@4ad42b17, org.springframework.boot.test.autoconfigure.restdocs.RestDocsTestExecutionListener@5a6e674, org.springframework.boot.test.autoconfigure.web.client.MockRestServiceServerResetTestExecutionListener@117ff143, org.springframework.boot.test.autoconfigure.web.servlet.MockMvcPrintOnlyOnFailureTestExecutionListener@4ba602e8, org.springframework.boot.test.autoconfigure.web.servlet.WebDriverTestExecutionListener@20411418, org.springframework.boot.test.autoconfigure.webservices.client.MockWebServiceServerTestExecutionListener@12e6c322, org.springframework.boot.test.mock.mockito.ResetMocksTestExecutionListener@7c7dddd4]
01:27:11.852 [Test worker] DEBUG org.springframework.test.context.support.AbstractDirtiesContextTestExecutionListener - Before test class: context [DefaultTestContext@12038552 testClass = PostsApiControllerTest, testInstance = [null], testMethod = [null], testException = [null], mergedContextConfiguration = [WebMergedContextConfiguration@6ac321 testClass = PostsApiControllerTest, locations = '{}', classes = '{class com.minpaeng.springboot.Application}', contextInitializerClasses = '[]', activeProfiles = '{}', propertySourceLocations = '{}', propertySourceProperties = '{org.springframework.boot.test.context.SpringBootTestContextBootstrapper=true, server.port=0}', contextCustomizers = set[org.springframework.boot.test.autoconfigure.actuate.metrics.MetricsExportContextCustomizerFactory$DisableMetricExportContextCustomizer@3b7b6409, org.springframework.boot.test.autoconfigure.properties.PropertyMappingContextCustomizer@0, org.springframework.boot.test.autoconfigure.web.servlet.WebDriverContextCustomizerFactory$Customizer@5e4fb602, org.springframework.boot.test.context.filter.ExcludeFilterContextCustomizer@38b6e117, org.springframework.boot.test.json.DuplicateJsonObjectContextCustomizerFactory$DuplicateJsonObjectContextCustomizer@1061755e, org.springframework.boot.test.mock.mockito.MockitoContextCustomizer@0, org.springframework.boot.test.web.client.TestRestTemplateContextCustomizer@1b200ff8, org.springframework.boot.test.context.SpringBootTestArgs@1, org.springframework.boot.test.context.SpringBootTestWebEnvironment@310a4ce3], resourceBasePath = 'src/main/webapp', contextLoader = 'org.springframework.boot.test.context.SpringBootContextLoader', parent = [null]], attributes = map['org.springframework.test.context.web.ServletTestExecutionListener.activateListener' -> false]], class annotated with @DirtiesContext [false] with mode [null].
01:27:11.866 [Test worker] DEBUG org.springframework.test.context.support.DependencyInjectionTestExecutionListener - Performing dependency injection for test context [[DefaultTestContext@12038552 testClass = PostsApiControllerTest, testInstance = com.minpaeng.springboot.web.PostsApiControllerTest@731fc8d9, testMethod = [null], testException = [null], mergedContextConfiguration = [WebMergedContextConfiguration@6ac321 testClass = PostsApiControllerTest, locations = '{}', classes = '{class com.minpaeng.springboot.Application}', contextInitializerClasses = '[]', activeProfiles = '{}', propertySourceLocations = '{}', propertySourceProperties = '{org.springframework.boot.test.context.SpringBootTestContextBootstrapper=true, server.port=0}', contextCustomizers = set[org.springframework.boot.test.autoconfigure.actuate.metrics.MetricsExportContextCustomizerFactory$DisableMetricExportContextCustomizer@3b7b6409, org.springframework.boot.test.autoconfigure.properties.PropertyMappingContextCustomizer@0, org.springframework.boot.test.autoconfigure.web.servlet.WebDriverContextCustomizerFactory$Customizer@5e4fb602, org.springframework.boot.test.context.filter.ExcludeFilterContextCustomizer@38b6e117, org.springframework.boot.test.json.DuplicateJsonObjectContextCustomizerFactory$DuplicateJsonObjectContextCustomizer@1061755e, org.springframework.boot.test.mock.mockito.MockitoContextCustomizer@0, org.springframework.boot.test.web.client.TestRestTemplateContextCustomizer@1b200ff8, org.springframework.boot.test.context.SpringBootTestArgs@1, org.springframework.boot.test.context.SpringBootTestWebEnvironment@310a4ce3], resourceBasePath = 'src/main/webapp', contextLoader = 'org.springframework.boot.test.context.SpringBootContextLoader', parent = [null]], attributes = map['org.springframework.test.context.web.ServletTestExecutionListener.activateListener' -> false]]].
01:27:11.884 [Test worker] DEBUG org.springframework.test.context.support.TestPropertySourceUtils - Adding inlined properties to environment: {spring.jmx.enabled=false, org.springframework.boot.test.context.SpringBootTestContextBootstrapper=true, server.port=0}

  .   ____          _            __ _ _
 /\\ / ___'_ __ _ _(_)_ __  __ _ \ \ \ \
( ( )\___ | '_ | '_| | '_ \/ _` | \ \ \ \
 \\/  ___)| |_)| | | | | || (_| |  ) ) ) )
  '  |____| .__|_| |_|_| |_\__, | / / / /
 =========|_|==============|___/=/_/_/_/
 :: Spring Boot ::                (v2.4.1)

2021-08-17 01:27:12.149  INFO 9136 --- [    Test worker] c.m.s.web.PostsApiControllerTest         : Starting PostsApiControllerTest using Java 1.8.0_211 on LAPTOP-1N1VG7IG with PID 9136 (started by MinJeong in D:\IdeaProjects\demo\springboot-practice)
2021-08-17 01:27:12.152  INFO 9136 --- [    Test worker] c.m.s.web.PostsApiControllerTest         : No active profile set, falling back to default profiles: default
2021-08-17 01:27:12.796  INFO 9136 --- [    Test worker] .s.d.r.c.RepositoryConfigurationDelegate : Bootstrapping Spring Data JPA repositories in DEFAULT mode.
2021-08-17 01:27:12.882  INFO 9136 --- [    Test worker] .s.d.r.c.RepositoryConfigurationDelegate : Finished Spring Data repository scanning in 75 ms. Found 1 JPA repository interfaces.
2021-08-17 01:27:13.562  INFO 9136 --- [    Test worker] o.s.b.w.embedded.tomcat.TomcatWebServer  : Tomcat initialized with port(s): 0 (http)
2021-08-17 01:27:13.630  INFO 9136 --- [    Test worker] o.apache.catalina.core.StandardService   : Starting service [Tomcat]
2021-08-17 01:27:13.631  INFO 9136 --- [    Test worker] org.apache.catalina.core.StandardEngine  : Starting Servlet engine: [Apache Tomcat/9.0.41]
2021-08-17 01:27:13.794  INFO 9136 --- [    Test worker] o.a.c.c.C.[Tomcat].[localhost].[/]       : Initializing Spring embedded WebApplicationContext
2021-08-17 01:27:13.794  INFO 9136 --- [    Test worker] w.s.c.ServletWebServerApplicationContext : Root WebApplicationContext: initialization completed in 1623 ms
2021-08-17 01:27:14.023  INFO 9136 --- [    Test worker] com.zaxxer.hikari.HikariDataSource       : HikariPool-1 - Starting...
2021-08-17 01:27:14.174  INFO 9136 --- [    Test worker] com.zaxxer.hikari.HikariDataSource       : HikariPool-1 - Start completed.
2021-08-17 01:27:14.263  INFO 9136 --- [    Test worker] o.hibernate.jpa.internal.util.LogHelper  : HHH000204: Processing PersistenceUnitInfo [name: default]
2021-08-17 01:27:14.331  INFO 9136 --- [    Test worker] org.hibernate.Version                    : HHH000412: Hibernate ORM core version 5.4.25.Final
2021-08-17 01:27:14.504  INFO 9136 --- [    Test worker] o.hibernate.annotations.common.Version   : HCANN000001: Hibernate Commons Annotations {5.1.2.Final}
2021-08-17 01:27:14.642  INFO 9136 --- [    Test worker] org.hibernate.dialect.Dialect            : HHH000400: Using dialect: org.hibernate.dialect.MySQL57Dialect
Hibernate: drop table if exists posts
Hibernate: create table posts (id bigint not null auto_increment, author varchar(255), content Text not null, title varchar(500) not null, primary key (id)) engine=InnoDB
2021-08-17 01:27:15.134  INFO 9136 --- [    Test worker] o.h.e.t.j.p.i.JtaPlatformInitiator       : HHH000490: Using JtaPlatform implementation: [org.hibernate.engine.transaction.jta.platform.internal.NoJtaPlatform]
2021-08-17 01:27:15.141  INFO 9136 --- [    Test worker] j.LocalContainerEntityManagerFactoryBean : Initialized JPA EntityManagerFactory for persistence unit 'default'
2021-08-17 01:27:15.827  INFO 9136 --- [    Test worker] o.s.s.concurrent.ThreadPoolTaskExecutor  : Initializing ExecutorService 'applicationTaskExecutor'
2021-08-17 01:27:16.202  WARN 9136 --- [    Test worker] o.s.b.a.m.MustacheAutoConfiguration      : Cannot find template location: classpath:/templates/ (please add some templates, check your Mustache configuration, or set spring.mustache.check-template-location=false)
2021-08-17 01:27:16.445  INFO 9136 --- [    Test worker] o.s.b.w.embedded.tomcat.TomcatWebServer  : Tomcat started on port(s): 7056 (http) with context path ''
2021-08-17 01:27:16.455  INFO 9136 --- [    Test worker] c.m.s.web.PostsApiControllerTest         : Started PostsApiControllerTest in 4.569 seconds (JVM running for 6.092)
2021-08-17 01:27:16.746  INFO 9136 --- [o-auto-1-exec-1] o.a.c.c.C.[Tomcat].[localhost].[/]       : Initializing Spring DispatcherServlet 'dispatcherServlet'
2021-08-17 01:27:16.747  INFO 9136 --- [o-auto-1-exec-1] o.s.web.servlet.DispatcherServlet        : Initializing Servlet 'dispatcherServlet'
2021-08-17 01:27:16.748  INFO 9136 --- [o-auto-1-exec-1] o.s.web.servlet.DispatcherServlet        : Completed initialization in 1 ms
Hibernate: insert into posts (author, content, title) values (?, ?, ?)
Hibernate: select posts0_.id as id1_0_, posts0_.author as author2_0_, posts0_.content as content3_0_, posts0_.title as title4_0_ from posts posts0_
Hibernate: select posts0_.id as id1_0_, posts0_.author as author2_0_, posts0_.content as content3_0_, posts0_.title as title4_0_ from posts posts0_
Hibernate: delete from posts where id=?
]]></system-out>
  <system-err><![CDATA[]]></system-err>
</testsuite>
