<?xml version="1.0" encoding="UTF-8"?>
<testsuite name="com.minpaeng.springboot.web.IndexControllerTest" tests="1" skipped="0" failures="0" errors="0" timestamp="2022-04-11T11:55:38" hostname="DESKTOP-0G51VQ4" time="0.182">
  <properties/>
  <testcase name="메인페이지_로딩()" classname="com.minpaeng.springboot.web.IndexControllerTest" time="0.182"/>
  <system-out><![CDATA[2022-04-11 20:55:35.956  INFO 21412 --- [    Test worker] .b.t.c.SpringBootTestContextBootstrapper : Neither @ContextConfiguration nor @ContextHierarchy found for test class [com.minpaeng.springboot.web.IndexControllerTest], using SpringBootContextLoader
2022-04-11 20:55:35.957  INFO 21412 --- [    Test worker] o.s.t.c.support.AbstractContextLoader    : Could not detect default resource locations for test class [com.minpaeng.springboot.web.IndexControllerTest]: no resource found for suffixes {-context.xml, Context.groovy}.
2022-04-11 20:55:35.957  INFO 21412 --- [    Test worker] t.c.s.AnnotationConfigContextLoaderUtils : Could not detect default configuration classes for test class [com.minpaeng.springboot.web.IndexControllerTest]: IndexControllerTest does not declare any static, non-private, non-final, nested classes annotated with @Configuration.
2022-04-11 20:55:35.960  INFO 21412 --- [    Test worker] .b.t.c.SpringBootTestContextBootstrapper : Found @SpringBootConfiguration com.minpaeng.springboot.Application for test class com.minpaeng.springboot.web.IndexControllerTest
2022-04-11 20:55:35.961  INFO 21412 --- [    Test worker] .b.t.c.SpringBootTestContextBootstrapper : Loaded default TestExecutionListener class names from location [META-INF/spring.factories]: [org.springframework.security.test.context.support.WithSecurityContextTestExecutionListener, org.springframework.security.test.context.support.ReactorContextTestExecutionListener, org.springframework.boot.test.autoconfigure.restdocs.RestDocsTestExecutionListener, org.springframework.boot.test.autoconfigure.web.client.MockRestServiceServerResetTestExecutionListener, org.springframework.boot.test.autoconfigure.web.servlet.MockMvcPrintOnlyOnFailureTestExecutionListener, org.springframework.boot.test.autoconfigure.web.servlet.WebDriverTestExecutionListener, org.springframework.boot.test.autoconfigure.webservices.client.MockWebServiceServerTestExecutionListener, org.springframework.boot.test.mock.mockito.MockitoTestExecutionListener, org.springframework.boot.test.mock.mockito.ResetMocksTestExecutionListener, org.springframework.test.context.web.ServletTestExecutionListener, org.springframework.test.context.support.DirtiesContextBeforeModesTestExecutionListener, org.springframework.test.context.support.DependencyInjectionTestExecutionListener, org.springframework.test.context.support.DirtiesContextTestExecutionListener, org.springframework.test.context.transaction.TransactionalTestExecutionListener, org.springframework.test.context.jdbc.SqlScriptsTestExecutionListener, org.springframework.test.context.event.EventPublishingTestExecutionListener]
2022-04-11 20:55:35.963  INFO 21412 --- [    Test worker] .b.t.c.SpringBootTestContextBootstrapper : Using TestExecutionListeners: [org.springframework.test.context.web.ServletTestExecutionListener@1bef0ae0, org.springframework.test.context.support.DirtiesContextBeforeModesTestExecutionListener@5550089b, org.springframework.boot.test.mock.mockito.MockitoTestExecutionListener@1f665100, org.springframework.boot.test.autoconfigure.SpringBootDependencyInjectionTestExecutionListener@1b63600f, org.springframework.test.context.support.DirtiesContextTestExecutionListener@7838d189, org.springframework.test.context.transaction.TransactionalTestExecutionListener@2df90ac5, org.springframework.test.context.jdbc.SqlScriptsTestExecutionListener@bab02b, org.springframework.security.test.context.support.WithSecurityContextTestExecutionListener@d9db2b, org.springframework.test.context.event.EventPublishingTestExecutionListener@3e53e620, org.springframework.security.test.context.support.ReactorContextTestExecutionListener@5b197c0d, org.springframework.boot.test.autoconfigure.restdocs.RestDocsTestExecutionListener@e77a4ad, org.springframework.boot.test.autoconfigure.web.client.MockRestServiceServerResetTestExecutionListener@403926cb, org.springframework.boot.test.autoconfigure.web.servlet.MockMvcPrintOnlyOnFailureTestExecutionListener@617aaa0a, org.springframework.boot.test.autoconfigure.web.servlet.WebDriverTestExecutionListener@71134b3c, org.springframework.boot.test.autoconfigure.webservices.client.MockWebServiceServerTestExecutionListener@42f2cb7f, org.springframework.boot.test.mock.mockito.ResetMocksTestExecutionListener@4b74b294]

  .   ____          _            __ _ _
 /\\ / ___'_ __ _ _(_)_ __  __ _ \ \ \ \
( ( )\___ | '_ | '_| | '_ \/ _` | \ \ \ \
 \\/  ___)| |_)| | | | | || (_| |  ) ) ) )
  '  |____| .__|_| |_|_| |_\__, | / / / /
 =========|_|==============|___/=/_/_/_/
 :: Spring Boot ::                (v2.4.1)

2022-04-11 20:55:35.993  INFO 21412 --- [    Test worker] c.m.springboot.web.IndexControllerTest   : Starting IndexControllerTest using Java 1.8.0_221 on DESKTOP-0G51VQ4 with PID 21412 (started by DAM in D:\IntelliJProject\springboot-practice)
2022-04-11 20:55:35.994  INFO 21412 --- [    Test worker] c.m.springboot.web.IndexControllerTest   : No active profile set, falling back to default profiles: default
2022-04-11 20:55:36.279  INFO 21412 --- [    Test worker] .s.d.r.c.RepositoryConfigurationDelegate : Bootstrapping Spring Data JPA repositories in DEFAULT mode.
2022-04-11 20:55:36.296  INFO 21412 --- [    Test worker] .s.d.r.c.RepositoryConfigurationDelegate : Finished Spring Data repository scanning in 16 ms. Found 2 JPA repository interfaces.
2022-04-11 20:55:36.638  INFO 21412 --- [    Test worker] o.s.b.w.embedded.tomcat.TomcatWebServer  : Tomcat initialized with port(s): 0 (http)
2022-04-11 20:55:36.657  INFO 21412 --- [    Test worker] o.apache.catalina.core.StandardService   : Starting service [Tomcat]
2022-04-11 20:55:36.658  INFO 21412 --- [    Test worker] org.apache.catalina.core.StandardEngine  : Starting Servlet engine: [Apache Tomcat/9.0.41]
2022-04-11 20:55:36.845  INFO 21412 --- [    Test worker] o.a.c.c.C.[Tomcat].[localhost].[/]       : Initializing Spring embedded WebApplicationContext
2022-04-11 20:55:36.846  INFO 21412 --- [    Test worker] w.s.c.ServletWebServerApplicationContext : Root WebApplicationContext: initialization completed in 849 ms
2022-04-11 20:55:36.922  INFO 21412 --- [    Test worker] com.zaxxer.hikari.HikariDataSource       : HikariPool-2 - Starting...
2022-04-11 20:55:36.924  INFO 21412 --- [    Test worker] com.zaxxer.hikari.HikariDataSource       : HikariPool-2 - Start completed.
2022-04-11 20:55:36.924  INFO 21412 --- [    Test worker] o.s.b.a.h2.H2ConsoleAutoConfiguration    : H2 console available at '/h2-console'. Database available at 'jdbc:h2:mem:testdb'
2022-04-11 20:55:37.114  INFO 21412 --- [    Test worker] o.hibernate.jpa.internal.util.LogHelper  : HHH000204: Processing PersistenceUnitInfo [name: default]
2022-04-11 20:55:37.123  INFO 21412 --- [    Test worker] org.hibernate.dialect.Dialect            : HHH000400: Using dialect: org.hibernate.dialect.MySQL57Dialect
Hibernate: drop table if exists posts
Hibernate: drop table if exists user
Hibernate: create table posts (id bigint not null auto_increment, created_date datetime(6), modified_date datetime(6), author varchar(255), content Text not null, title varchar(500) not null, primary key (id)) engine=InnoDB
Hibernate: create table user (id bigint not null auto_increment, created_date datetime(6), modified_date datetime(6), email varchar(255) not null, name varchar(255) not null, picture varchar(255), role varchar(255) not null, primary key (id)) engine=InnoDB
2022-04-11 20:55:37.187  INFO 21412 --- [    Test worker] o.h.e.t.j.p.i.JtaPlatformInitiator       : HHH000490: Using JtaPlatform implementation: [org.hibernate.engine.transaction.jta.platform.internal.NoJtaPlatform]
2022-04-11 20:55:37.188  INFO 21412 --- [    Test worker] j.LocalContainerEntityManagerFactoryBean : Initialized JPA EntityManagerFactory for persistence unit 'default'
2022-04-11 20:55:37.505  WARN 21412 --- [    Test worker] JpaBaseConfiguration$JpaWebConfiguration : spring.jpa.open-in-view is enabled by default. Therefore, database queries may be performed during view rendering. Explicitly configure spring.jpa.open-in-view to disable this warning
2022-04-11 20:55:37.738  INFO 21412 --- [    Test worker] o.s.s.web.DefaultSecurityFilterChain     : Will secure any request with [org.springframework.security.web.context.request.async.WebAsyncManagerIntegrationFilter@472e0fe2, org.springframework.security.web.context.SecurityContextPersistenceFilter@61520865, org.springframework.security.web.header.HeaderWriterFilter@6cf3fa13, org.springframework.security.web.authentication.logout.LogoutFilter@1222c146, org.springframework.security.oauth2.client.web.OAuth2AuthorizationRequestRedirectFilter@62b3dae5, org.springframework.security.oauth2.client.web.OAuth2LoginAuthenticationFilter@5c36a832, org.springframework.security.web.authentication.ui.DefaultLoginPageGeneratingFilter@58ba1d96, org.springframework.security.web.authentication.ui.DefaultLogoutPageGeneratingFilter@6ab32adc, org.springframework.security.web.savedrequest.RequestCacheAwareFilter@407f899, org.springframework.security.web.servletapi.SecurityContextHolderAwareRequestFilter@7757a968, org.springframework.security.web.authentication.AnonymousAuthenticationFilter@162bb19d, org.springframework.security.web.session.SessionManagementFilter@70508fc, org.springframework.security.web.access.ExceptionTranslationFilter@41549c9a, org.springframework.security.web.access.intercept.FilterSecurityInterceptor@78daad46]
2022-04-11 20:55:37.862  INFO 21412 --- [    Test worker] o.s.s.concurrent.ThreadPoolTaskExecutor  : Initializing ExecutorService 'applicationTaskExecutor'
2022-04-11 20:55:37.902  INFO 21412 --- [    Test worker] o.s.b.a.w.s.WelcomePageHandlerMapping    : Adding welcome page template: index
2022-04-11 20:55:38.124  INFO 21412 --- [    Test worker] o.s.b.w.embedded.tomcat.TomcatWebServer  : Tomcat started on port(s): 57946 (http) with context path ''
2022-04-11 20:55:38.128  INFO 21412 --- [    Test worker] s.a.ScheduledAnnotationBeanPostProcessor : No TaskScheduler/ScheduledExecutorService bean found for scheduled processing
2022-04-11 20:55:38.129  INFO 21412 --- [    Test worker] c.m.springboot.web.IndexControllerTest   : Started IndexControllerTest in 2.163 seconds (JVM running for 11.745)
2022-04-11 20:55:38.224  INFO 21412 --- [o-auto-1-exec-1] o.a.c.c.C.[Tomcat].[localhost].[/]       : Initializing Spring DispatcherServlet 'dispatcherServlet'
2022-04-11 20:55:38.224  INFO 21412 --- [o-auto-1-exec-1] o.s.web.servlet.DispatcherServlet        : Initializing Servlet 'dispatcherServlet'
2022-04-11 20:55:38.225  INFO 21412 --- [o-auto-1-exec-1] o.s.web.servlet.DispatcherServlet        : Completed initialization in 1 ms
Hibernate: select posts0_.id as id1_0_, posts0_.created_date as created_2_0_, posts0_.modified_date as modified3_0_, posts0_.author as author4_0_, posts0_.content as content5_0_, posts0_.title as title6_0_ from posts posts0_ order by posts0_.id DESC
]]></system-out>
  <system-err><![CDATA[]]></system-err>
</testsuite>
