<?xml version="1.0" encoding="UTF-8"?>
<testsuite name="com.minpaeng.springboot.domain.posts.PostRepositoryTest" tests="2" skipped="0" failures="0" errors="0" timestamp="2022-04-11T11:55:35" hostname="DESKTOP-0G51VQ4" time="0.213">
  <properties/>
  <testcase name="BestTimeEntity_등록()" classname="com.minpaeng.springboot.domain.posts.PostRepositoryTest" time="0.201"/>
  <testcase name="게시글저장_불러오기()" classname="com.minpaeng.springboot.domain.posts.PostRepositoryTest" time="0.011"/>
  <system-out><![CDATA[2022-04-11 20:55:30.961  INFO 21412 --- [    Test worker] .b.t.c.SpringBootTestContextBootstrapper : Neither @ContextConfiguration nor @ContextHierarchy found for test class [com.minpaeng.springboot.domain.posts.PostRepositoryTest], using SpringBootContextLoader
2022-04-11 20:55:30.962  INFO 21412 --- [    Test worker] o.s.t.c.support.AbstractContextLoader    : Could not detect default resource locations for test class [com.minpaeng.springboot.domain.posts.PostRepositoryTest]: no resource found for suffixes {-context.xml, Context.groovy}.
2022-04-11 20:55:30.963  INFO 21412 --- [    Test worker] t.c.s.AnnotationConfigContextLoaderUtils : Could not detect default configuration classes for test class [com.minpaeng.springboot.domain.posts.PostRepositoryTest]: PostRepositoryTest does not declare any static, non-private, non-final, nested classes annotated with @Configuration.
2022-04-11 20:55:30.972  INFO 21412 --- [    Test worker] .b.t.c.SpringBootTestContextBootstrapper : Found @SpringBootConfiguration com.minpaeng.springboot.Application for test class com.minpaeng.springboot.domain.posts.PostRepositoryTest
2022-04-11 20:55:30.976  INFO 21412 --- [    Test worker] .b.t.c.SpringBootTestContextBootstrapper : Loaded default TestExecutionListener class names from location [META-INF/spring.factories]: [org.springframework.security.test.context.support.WithSecurityContextTestExecutionListener, org.springframework.security.test.context.support.ReactorContextTestExecutionListener, org.springframework.boot.test.autoconfigure.restdocs.RestDocsTestExecutionListener, org.springframework.boot.test.autoconfigure.web.client.MockRestServiceServerResetTestExecutionListener, org.springframework.boot.test.autoconfigure.web.servlet.MockMvcPrintOnlyOnFailureTestExecutionListener, org.springframework.boot.test.autoconfigure.web.servlet.WebDriverTestExecutionListener, org.springframework.boot.test.autoconfigure.webservices.client.MockWebServiceServerTestExecutionListener, org.springframework.boot.test.mock.mockito.MockitoTestExecutionListener, org.springframework.boot.test.mock.mockito.ResetMocksTestExecutionListener, org.springframework.test.context.web.ServletTestExecutionListener, org.springframework.test.context.support.DirtiesContextBeforeModesTestExecutionListener, org.springframework.test.context.support.DependencyInjectionTestExecutionListener, org.springframework.test.context.support.DirtiesContextTestExecutionListener, org.springframework.test.context.transaction.TransactionalTestExecutionListener, org.springframework.test.context.jdbc.SqlScriptsTestExecutionListener, org.springframework.test.context.event.EventPublishingTestExecutionListener]
2022-04-11 20:55:30.977  INFO 21412 --- [    Test worker] .b.t.c.SpringBootTestContextBootstrapper : Using TestExecutionListeners: [org.springframework.test.context.web.ServletTestExecutionListener@645784d7, org.springframework.test.context.support.DirtiesContextBeforeModesTestExecutionListener@548f3ca4, org.springframework.boot.test.mock.mockito.MockitoTestExecutionListener@5ead1bb1, org.springframework.boot.test.autoconfigure.SpringBootDependencyInjectionTestExecutionListener@13df92b2, org.springframework.test.context.support.DirtiesContextTestExecutionListener@4bf6cd22, org.springframework.test.context.transaction.TransactionalTestExecutionListener@6631a2e4, org.springframework.test.context.jdbc.SqlScriptsTestExecutionListener@50774d00, org.springframework.security.test.context.support.WithSecurityContextTestExecutionListener@3f520fbe, org.springframework.test.context.event.EventPublishingTestExecutionListener@42b04aab, org.springframework.security.test.context.support.ReactorContextTestExecutionListener@297de69b, org.springframework.boot.test.autoconfigure.restdocs.RestDocsTestExecutionListener@4388a1f9, org.springframework.boot.test.autoconfigure.web.client.MockRestServiceServerResetTestExecutionListener@6c0879c9, org.springframework.boot.test.autoconfigure.web.servlet.MockMvcPrintOnlyOnFailureTestExecutionListener@2c2d93f1, org.springframework.boot.test.autoconfigure.web.servlet.WebDriverTestExecutionListener@6a22e1d1, org.springframework.boot.test.autoconfigure.webservices.client.MockWebServiceServerTestExecutionListener@6ca30205, org.springframework.boot.test.mock.mockito.ResetMocksTestExecutionListener@43caf869]

  .   ____          _            __ _ _
 /\\ / ___'_ __ _ _(_)_ __  __ _ \ \ \ \
( ( )\___ | '_ | '_| | '_ \/ _` | \ \ \ \
 \\/  ___)| |_)| | | | | || (_| |  ) ) ) )
  '  |____| .__|_| |_|_| |_\__, | / / / /
 =========|_|==============|___/=/_/_/_/
 :: Spring Boot ::                (v2.4.1)

2022-04-11 20:55:31.003  INFO 21412 --- [    Test worker] c.m.s.domain.posts.PostRepositoryTest    : Starting PostRepositoryTest using Java 1.8.0_221 on DESKTOP-0G51VQ4 with PID 21412 (started by DAM in D:\IntelliJProject\springboot-practice)
2022-04-11 20:55:31.004  INFO 21412 --- [    Test worker] c.m.s.domain.posts.PostRepositoryTest    : No active profile set, falling back to default profiles: default
2022-04-11 20:55:31.443  INFO 21412 --- [    Test worker] .s.d.r.c.RepositoryConfigurationDelegate : Bootstrapping Spring Data JPA repositories in DEFAULT mode.
2022-04-11 20:55:31.497  INFO 21412 --- [    Test worker] .s.d.r.c.RepositoryConfigurationDelegate : Finished Spring Data repository scanning in 48 ms. Found 2 JPA repository interfaces.
2022-04-11 20:55:31.980  INFO 21412 --- [    Test worker] com.zaxxer.hikari.HikariDataSource       : HikariPool-1 - Starting...
2022-04-11 20:55:32.221  INFO 21412 --- [    Test worker] com.zaxxer.hikari.HikariDataSource       : HikariPool-1 - Start completed.
2022-04-11 20:55:32.327  INFO 21412 --- [    Test worker] o.hibernate.jpa.internal.util.LogHelper  : HHH000204: Processing PersistenceUnitInfo [name: default]
2022-04-11 20:55:32.448  INFO 21412 --- [    Test worker] org.hibernate.Version                    : HHH000412: Hibernate ORM core version 5.4.25.Final
2022-04-11 20:55:32.562  INFO 21412 --- [    Test worker] o.hibernate.annotations.common.Version   : HCANN000001: Hibernate Commons Annotations {5.1.2.Final}
2022-04-11 20:55:32.736  INFO 21412 --- [    Test worker] org.hibernate.dialect.Dialect            : HHH000400: Using dialect: org.hibernate.dialect.MySQL57Dialect
Hibernate: drop table if exists posts
Hibernate: drop table if exists user
Hibernate: create table posts (id bigint not null auto_increment, created_date datetime(6), modified_date datetime(6), author varchar(255), content Text not null, title varchar(500) not null, primary key (id)) engine=InnoDB
Hibernate: create table user (id bigint not null auto_increment, created_date datetime(6), modified_date datetime(6), email varchar(255) not null, name varchar(255) not null, picture varchar(255), role varchar(255) not null, primary key (id)) engine=InnoDB
2022-04-11 20:55:33.737  INFO 21412 --- [    Test worker] o.h.e.t.j.p.i.JtaPlatformInitiator       : HHH000490: Using JtaPlatform implementation: [org.hibernate.engine.transaction.jta.platform.internal.NoJtaPlatform]
2022-04-11 20:55:33.746  INFO 21412 --- [    Test worker] j.LocalContainerEntityManagerFactoryBean : Initialized JPA EntityManagerFactory for persistence unit 'default'
2022-04-11 20:55:34.490  WARN 21412 --- [    Test worker] JpaBaseConfiguration$JpaWebConfiguration : spring.jpa.open-in-view is enabled by default. Therefore, database queries may be performed during view rendering. Explicitly configure spring.jpa.open-in-view to disable this warning
2022-04-11 20:55:34.998  INFO 21412 --- [    Test worker] o.s.s.web.DefaultSecurityFilterChain     : Will secure any request with [org.springframework.security.web.context.request.async.WebAsyncManagerIntegrationFilter@9d5fbcb, org.springframework.security.web.context.SecurityContextPersistenceFilter@7f4b7f04, org.springframework.security.web.header.HeaderWriterFilter@73b6bdd8, org.springframework.security.web.authentication.logout.LogoutFilter@5ad9f060, org.springframework.security.oauth2.client.web.OAuth2AuthorizationRequestRedirectFilter@63babd21, org.springframework.security.oauth2.client.web.OAuth2LoginAuthenticationFilter@29ae4467, org.springframework.security.web.authentication.ui.DefaultLoginPageGeneratingFilter@7a9050fe, org.springframework.security.web.authentication.ui.DefaultLogoutPageGeneratingFilter@24d9456f, org.springframework.security.web.savedrequest.RequestCacheAwareFilter@45883a45, org.springframework.security.web.servletapi.SecurityContextHolderAwareRequestFilter@3160751, org.springframework.security.web.authentication.AnonymousAuthenticationFilter@123cb760, org.springframework.security.web.session.SessionManagementFilter@397800e5, org.springframework.security.web.access.ExceptionTranslationFilter@1525eb9b, org.springframework.security.web.access.intercept.FilterSecurityInterceptor@5d4a1f8]
2022-04-11 20:55:35.290  INFO 21412 --- [    Test worker] o.s.s.concurrent.ThreadPoolTaskExecutor  : Initializing ExecutorService 'applicationTaskExecutor'
2022-04-11 20:55:35.311  INFO 21412 --- [    Test worker] o.s.b.a.h2.H2ConsoleAutoConfiguration    : H2 console available at '/h2-console'. Database available at 'jdbc:h2:mem:testdb'
2022-04-11 20:55:35.338  INFO 21412 --- [    Test worker] o.s.b.a.w.s.WelcomePageHandlerMapping    : Adding welcome page template: index
2022-04-11 20:55:35.727  INFO 21412 --- [    Test worker] s.a.ScheduledAnnotationBeanPostProcessor : No TaskScheduler/ScheduledExecutorService bean found for scheduled processing
2022-04-11 20:55:35.734  INFO 21412 --- [    Test worker] c.m.s.domain.posts.PostRepositoryTest    : Started PostRepositoryTest in 4.754 seconds (JVM running for 9.35)
Hibernate: insert into posts (created_date, modified_date, author, content, title) values (?, ?, ?, ?, ?)
Hibernate: select posts0_.id as id1_0_, posts0_.created_date as created_2_0_, posts0_.modified_date as modified3_0_, posts0_.author as author4_0_, posts0_.content as content5_0_, posts0_.title as title6_0_ from posts posts0_
>>>>>>>>>>>createDate=2022-04-11T20:55:35.777, modidfiedDate=2022-04-11T20:55:35.777
Hibernate: select posts0_.id as id1_0_, posts0_.created_date as created_2_0_, posts0_.modified_date as modified3_0_, posts0_.author as author4_0_, posts0_.content as content5_0_, posts0_.title as title6_0_ from posts posts0_
Hibernate: delete from posts where id=?
Hibernate: insert into posts (created_date, modified_date, author, content, title) values (?, ?, ?, ?, ?)
Hibernate: select posts0_.id as id1_0_, posts0_.created_date as created_2_0_, posts0_.modified_date as modified3_0_, posts0_.author as author4_0_, posts0_.content as content5_0_, posts0_.title as title6_0_ from posts posts0_
Hibernate: select posts0_.id as id1_0_, posts0_.created_date as created_2_0_, posts0_.modified_date as modified3_0_, posts0_.author as author4_0_, posts0_.content as content5_0_, posts0_.title as title6_0_ from posts posts0_
Hibernate: delete from posts where id=?
]]></system-out>
  <system-err><![CDATA[]]></system-err>
</testsuite>
